mode: set
github.com/polarsignals/frostdb/pqarrow/builder/optbuilders.go:41.31,44.2 2 1
github.com/polarsignals/frostdb/pqarrow/builder/optbuilders.go:46.32,48.2 1 0
github.com/polarsignals/frostdb/pqarrow/builder/optbuilders.go:50.41,53.2 2 0
github.com/polarsignals/frostdb/pqarrow/builder/optbuilders.go:55.33,58.2 2 0
github.com/polarsignals/frostdb/pqarrow/builder/optbuilders.go:61.33,63.2 1 1
github.com/polarsignals/frostdb/pqarrow/builder/optbuilders.go:65.37,65.38 0 0
github.com/polarsignals/frostdb/pqarrow/builder/optbuilders.go:69.42,73.2 3 1
github.com/polarsignals/frostdb/pqarrow/builder/optbuilders.go:76.42,80.2 3 1
github.com/polarsignals/frostdb/pqarrow/builder/optbuilders.go:82.64,84.31 2 1
github.com/polarsignals/frostdb/pqarrow/builder/optbuilders.go:89.2,89.29 1 1
github.com/polarsignals/frostdb/pqarrow/builder/optbuilders.go:84.31,88.3 3 1
github.com/polarsignals/frostdb/pqarrow/builder/optbuilders.go:111.72,115.2 3 1
github.com/polarsignals/frostdb/pqarrow/builder/optbuilders.go:120.38,121.43 1 0
github.com/polarsignals/frostdb/pqarrow/builder/optbuilders.go:121.43,125.3 3 0
github.com/polarsignals/frostdb/pqarrow/builder/optbuilders.go:130.41,133.2 2 1
github.com/polarsignals/frostdb/pqarrow/builder/optbuilders.go:137.47,138.25 1 0
github.com/polarsignals/frostdb/pqarrow/builder/optbuilders.go:141.2,141.30 1 0
github.com/polarsignals/frostdb/pqarrow/builder/optbuilders.go:138.25,140.3 1 0
github.com/polarsignals/frostdb/pqarrow/builder/optbuilders.go:147.51,173.2 12 1
github.com/polarsignals/frostdb/pqarrow/builder/optbuilders.go:177.70,185.72 6 0
github.com/polarsignals/frostdb/pqarrow/builder/optbuilders.go:189.2,191.84 3 0
github.com/polarsignals/frostdb/pqarrow/builder/optbuilders.go:185.72,187.3 1 0
github.com/polarsignals/frostdb/pqarrow/builder/optbuilders.go:194.45,200.2 5 1
github.com/polarsignals/frostdb/pqarrow/builder/optbuilders.go:205.72,206.24 1 0
github.com/polarsignals/frostdb/pqarrow/builder/optbuilders.go:211.2,215.24 4 0
github.com/polarsignals/frostdb/pqarrow/builder/optbuilders.go:206.24,209.3 2 0
github.com/polarsignals/frostdb/pqarrow/builder/optbuilders.go:215.24,217.3 1 0
github.com/polarsignals/frostdb/pqarrow/builder/optbuilders.go:221.51,222.55 1 1
github.com/polarsignals/frostdb/pqarrow/builder/optbuilders.go:228.2,229.25 2 1
github.com/polarsignals/frostdb/pqarrow/builder/optbuilders.go:233.2,233.18 1 1
github.com/polarsignals/frostdb/pqarrow/builder/optbuilders.go:222.55,226.3 2 0
github.com/polarsignals/frostdb/pqarrow/builder/optbuilders.go:229.25,232.3 2 1
github.com/polarsignals/frostdb/pqarrow/builder/optbuilders.go:237.49,238.19 1 0
github.com/polarsignals/frostdb/pqarrow/builder/optbuilders.go:242.2,245.54 4 0
github.com/polarsignals/frostdb/pqarrow/builder/optbuilders.go:238.19,240.3 1 0
github.com/polarsignals/frostdb/pqarrow/builder/optbuilders.go:254.64,258.2 3 1
github.com/polarsignals/frostdb/pqarrow/builder/optbuilders.go:260.56,261.32 1 1
github.com/polarsignals/frostdb/pqarrow/builder/optbuilders.go:266.2,266.32 1 1
github.com/polarsignals/frostdb/pqarrow/builder/optbuilders.go:261.32,265.3 3 1
github.com/polarsignals/frostdb/pqarrow/builder/optbuilders.go:269.37,270.43 1 0
github.com/polarsignals/frostdb/pqarrow/builder/optbuilders.go:270.43,273.3 2 0
github.com/polarsignals/frostdb/pqarrow/builder/optbuilders.go:276.40,278.2 1 0
github.com/polarsignals/frostdb/pqarrow/builder/optbuilders.go:280.46,283.2 2 0
github.com/polarsignals/frostdb/pqarrow/builder/optbuilders.go:285.50,308.2 10 1
github.com/polarsignals/frostdb/pqarrow/builder/optbuilders.go:312.52,318.2 5 0
github.com/polarsignals/frostdb/pqarrow/builder/optbuilders.go:320.43,325.2 4 1
github.com/polarsignals/frostdb/pqarrow/builder/optbuilders.go:327.71,330.72 3 0
github.com/polarsignals/frostdb/pqarrow/builder/optbuilders.go:336.2,336.25 1 0
github.com/polarsignals/frostdb/pqarrow/builder/optbuilders.go:330.72,335.3 4 0
github.com/polarsignals/frostdb/pqarrow/builder/optbuilders.go:339.50,340.55 1 1
github.com/polarsignals/frostdb/pqarrow/builder/optbuilders.go:345.2,347.41 3 1
github.com/polarsignals/frostdb/pqarrow/builder/optbuilders.go:350.2,350.18 1 1
github.com/polarsignals/frostdb/pqarrow/builder/optbuilders.go:340.55,343.3 2 0
github.com/polarsignals/frostdb/pqarrow/builder/optbuilders.go:347.41,349.3 1 1
github.com/polarsignals/frostdb/pqarrow/builder/optbuilders.go:354.48,355.19 1 0
github.com/polarsignals/frostdb/pqarrow/builder/optbuilders.go:359.2,361.54 3 0
github.com/polarsignals/frostdb/pqarrow/builder/optbuilders.go:355.19,357.3 1 0
github.com/polarsignals/frostdb/pqarrow/builder/optbuilders.go:369.68,373.2 3 1
github.com/polarsignals/frostdb/pqarrow/builder/optbuilders.go:375.39,376.43 1 0
github.com/polarsignals/frostdb/pqarrow/builder/optbuilders.go:376.43,379.3 2 0
github.com/polarsignals/frostdb/pqarrow/builder/optbuilders.go:382.42,384.2 1 0
github.com/polarsignals/frostdb/pqarrow/builder/optbuilders.go:386.48,391.25 4 0
github.com/polarsignals/frostdb/pqarrow/builder/optbuilders.go:391.25,395.3 3 0
github.com/polarsignals/frostdb/pqarrow/builder/optbuilders.go:398.52,414.2 5 1
github.com/polarsignals/frostdb/pqarrow/builder/optbuilders.go:416.60,422.29 4 0
github.com/polarsignals/frostdb/pqarrow/builder/optbuilders.go:422.29,426.3 3 0
github.com/polarsignals/frostdb/pqarrow/builder/optbuilders.go:429.53,430.76 1 0
github.com/polarsignals/frostdb/pqarrow/builder/optbuilders.go:433.73,438.27 4 0
github.com/polarsignals/frostdb/pqarrow/builder/optbuilders.go:438.27,442.3 3 0
github.com/polarsignals/frostdb/pqarrow/builder/optbuilders.go:445.50,451.2 5 1
github.com/polarsignals/frostdb/pqarrow/builder/optbuilders.go:453.52,454.55 1 1
github.com/polarsignals/frostdb/pqarrow/builder/optbuilders.go:459.2,462.18 4 1
github.com/polarsignals/frostdb/pqarrow/builder/optbuilders.go:454.55,457.3 2 0
github.com/polarsignals/frostdb/pqarrow/builder/optbuilders.go:466.50,467.19 1 0
github.com/polarsignals/frostdb/pqarrow/builder/optbuilders.go:471.2,473.54 3 0
github.com/polarsignals/frostdb/pqarrow/builder/optbuilders.go:467.19,469.3 1 0
github.com/polarsignals/frostdb/pqarrow/builder/recordbuilder.go:26.82,34.36 2 0
github.com/polarsignals/frostdb/pqarrow/builder/recordbuilder.go:38.2,38.10 1 0
github.com/polarsignals/frostdb/pqarrow/builder/recordbuilder.go:34.36,36.3 1 0
github.com/polarsignals/frostdb/pqarrow/builder/recordbuilder.go:43.34,45.2 1 0
github.com/polarsignals/frostdb/pqarrow/builder/recordbuilder.go:48.35,49.43 1 0
github.com/polarsignals/frostdb/pqarrow/builder/recordbuilder.go:49.43,50.30 1 0
github.com/polarsignals/frostdb/pqarrow/builder/recordbuilder.go:53.3,53.17 1 0
github.com/polarsignals/frostdb/pqarrow/builder/recordbuilder.go:50.30,52.4 1 0
github.com/polarsignals/frostdb/pqarrow/builder/recordbuilder.go:57.52,57.71 1 0
github.com/polarsignals/frostdb/pqarrow/builder/recordbuilder.go:58.52,58.71 1 0
github.com/polarsignals/frostdb/pqarrow/builder/recordbuilder.go:59.52,59.74 1 0
github.com/polarsignals/frostdb/pqarrow/builder/recordbuilder.go:61.43,62.29 1 0
github.com/polarsignals/frostdb/pqarrow/builder/recordbuilder.go:62.29,64.3 1 0
github.com/polarsignals/frostdb/pqarrow/builder/recordbuilder.go:73.50,77.33 3 0
github.com/polarsignals/frostdb/pqarrow/builder/recordbuilder.go:86.2,86.29 1 0
github.com/polarsignals/frostdb/pqarrow/builder/recordbuilder.go:95.2,95.46 1 0
github.com/polarsignals/frostdb/pqarrow/builder/recordbuilder.go:77.33,78.28 1 0
github.com/polarsignals/frostdb/pqarrow/builder/recordbuilder.go:78.28,79.18 1 0
github.com/polarsignals/frostdb/pqarrow/builder/recordbuilder.go:82.4,82.17 1 0
github.com/polarsignals/frostdb/pqarrow/builder/recordbuilder.go:79.18,80.13 1 0
github.com/polarsignals/frostdb/pqarrow/builder/recordbuilder.go:86.29,89.28 3 0
github.com/polarsignals/frostdb/pqarrow/builder/recordbuilder.go:92.3,92.14 1 0
github.com/polarsignals/frostdb/pqarrow/builder/recordbuilder.go:89.28,90.82 1 0
github.com/polarsignals/frostdb/pqarrow/builder/recordbuilder.go:99.60,100.36 1 0
github.com/polarsignals/frostdb/pqarrow/builder/recordbuilder.go:116.2,116.19 1 0
github.com/polarsignals/frostdb/pqarrow/builder/recordbuilder.go:100.36,102.41 2 0
github.com/polarsignals/frostdb/pqarrow/builder/recordbuilder.go:108.3,108.12 1 0
github.com/polarsignals/frostdb/pqarrow/builder/recordbuilder.go:113.3,113.106 1 0
github.com/polarsignals/frostdb/pqarrow/builder/recordbuilder.go:102.41,103.20 1 0
github.com/polarsignals/frostdb/pqarrow/builder/recordbuilder.go:103.20,105.10 2 0
github.com/polarsignals/frostdb/pqarrow/builder/recordbuilder.go:108.12,109.12 1 0
github.com/polarsignals/frostdb/pqarrow/builder/utils.go:12.71,13.23 1 0
github.com/polarsignals/frostdb/pqarrow/builder/utils.go:14.25,15.55 1 0
github.com/polarsignals/frostdb/pqarrow/builder/utils.go:16.24,17.56 1 0
github.com/polarsignals/frostdb/pqarrow/builder/utils.go:18.23,19.39 1 0
github.com/polarsignals/frostdb/pqarrow/builder/utils.go:20.26,21.61 1 0
github.com/polarsignals/frostdb/pqarrow/builder/utils.go:22.10,23.34 1 0
github.com/polarsignals/frostdb/pqarrow/builder/utils.go:27.66,28.33 1 0
github.com/polarsignals/frostdb/pqarrow/builder/utils.go:33.2,33.24 1 0
github.com/polarsignals/frostdb/pqarrow/builder/utils.go:73.2,73.12 1 0
github.com/polarsignals/frostdb/pqarrow/builder/utils.go:28.33,31.3 2 0
github.com/polarsignals/frostdb/pqarrow/builder/utils.go:34.25,35.41 1 0
github.com/polarsignals/frostdb/pqarrow/builder/utils.go:36.24,37.40 1 0
github.com/polarsignals/frostdb/pqarrow/builder/utils.go:38.26,39.48 1 0
github.com/polarsignals/frostdb/pqarrow/builder/utils.go:40.27,41.40 1 0
github.com/polarsignals/frostdb/pqarrow/builder/utils.go:42.28,43.41 1 0
github.com/polarsignals/frostdb/pqarrow/builder/utils.go:44.28,45.41 1 0
github.com/polarsignals/frostdb/pqarrow/builder/utils.go:46.37,47.50 1 0
github.com/polarsignals/frostdb/pqarrow/builder/utils.go:48.29,49.42 1 0
github.com/polarsignals/frostdb/pqarrow/builder/utils.go:70.10,71.63 1 0
github.com/polarsignals/frostdb/pqarrow/builder/utils.go:78.59,79.24 1 0
github.com/polarsignals/frostdb/pqarrow/builder/utils.go:98.2,98.12 1 0
github.com/polarsignals/frostdb/pqarrow/builder/utils.go:80.25,83.71 3 0
github.com/polarsignals/frostdb/pqarrow/builder/utils.go:84.24,85.49 1 0
github.com/polarsignals/frostdb/pqarrow/builder/utils.go:86.10,89.34 1 0
github.com/polarsignals/frostdb/pqarrow/builder/utils.go:89.34,93.50 1 0
github.com/polarsignals/frostdb/pqarrow/builder/utils.go:93.50,95.5 1 0
github.com/polarsignals/frostdb/pqarrow/builder/utils.go:101.51,102.14 1 1
github.com/polarsignals/frostdb/pqarrow/builder/utils.go:107.2,107.24 1 1
github.com/polarsignals/frostdb/pqarrow/builder/utils.go:127.2,127.12 1 1
github.com/polarsignals/frostdb/pqarrow/builder/utils.go:102.14,105.3 2 0
github.com/polarsignals/frostdb/pqarrow/builder/utils.go:108.25,109.23 1 1
github.com/polarsignals/frostdb/pqarrow/builder/utils.go:110.24,111.22 1 1
github.com/polarsignals/frostdb/pqarrow/builder/utils.go:112.26,113.27 1 1
github.com/polarsignals/frostdb/pqarrow/builder/utils.go:114.27,115.22 1 0
github.com/polarsignals/frostdb/pqarrow/builder/utils.go:116.28,117.23 1 0
github.com/polarsignals/frostdb/pqarrow/builder/utils.go:118.28,119.23 1 0
github.com/polarsignals/frostdb/pqarrow/builder/utils.go:120.37,121.23 1 0
github.com/polarsignals/frostdb/pqarrow/builder/utils.go:122.29,123.21 1 0
github.com/polarsignals/frostdb/pqarrow/builder/utils.go:124.10,125.66 1 0
github.com/polarsignals/frostdb/pqarrow/builder/utils.go:132.52,133.19 1 1
github.com/polarsignals/frostdb/pqarrow/builder/utils.go:137.2,137.25 1 1
github.com/polarsignals/frostdb/pqarrow/builder/utils.go:133.19,135.3 1 0
github.com/polarsignals/frostdb/pqarrow/builder/utils.go:138.21,139.25 1 1
github.com/polarsignals/frostdb/pqarrow/builder/utils.go:140.30,141.25 1 0
github.com/polarsignals/frostdb/pqarrow/builder/utils.go:142.21,143.25 1 0
github.com/polarsignals/frostdb/pqarrow/builder/utils.go:144.20,145.25 1 1
github.com/polarsignals/frostdb/pqarrow/builder/utils.go:146.22,147.25 1 1
github.com/polarsignals/frostdb/pqarrow/builder/utils.go:148.10,149.64 1 0
github.com/polarsignals/frostdb/pqarrow/builder/listbuilder.go:17.78,22.2 1 0
github.com/polarsignals/frostdb/pqarrow/builder/listbuilder.go:24.52,26.2 1 0
github.com/polarsignals/frostdb/pqarrow/builder/listbuilder.go:28.46,34.2 3 0
